<?xml version="1.0" encoding="UTF-8"?>
<!-- Generated by org.testng.reporters.JUnitReportReporter -->
<testsuite hostname="DESKTOP-S2RS0DN" name="TestNGDemo1" tests="1" failures="0" timestamp="19 Aug 2020 18:18:12 GMT" time="0.010" errors="0">
  <testcase name="printOutput" time="0.010" classname="TestNGDemo1"/>
</testsuite> <!-- TestNGDemo1 -->
